# JRE version: OpenJDK Runtime Environment (21.0.1+12) (build 21.0.1+12-29)
# Java VM: OpenJDK 64-Bit Server VM (21.0.1+12-29, mixed mode, sharing, tiered, compressed oops, compressed class ptrs, g1 gc, bsd-aarch64)
Heap:
 garbage-first heap   total 133120K, used 44718K [0x0000000780000000, 0x0000000800000000)
  region size 1024K, 35 young (35840K), 3 survivors (3072K)
 Metaspace       used 7730K, committed 8000K, reserved 1114112K
  class space    used 834K, committed 960K, reserved 1048576K
GC Heap History (10 events):
Event: 0.562 GC heap before
{Heap before GC invocations=0 (full 0):
 garbage-first heap   total 133120K, used 31756K [0x0000000780000000, 0x0000000800000000)
  region size 1024K, 23 young (23552K), 0 survivors (0K)
 Metaspace       used 7319K, committed 7616K, reserved 1114112K
  class space    used 812K, committed 960K, reserved 1048576K
}
Event: 0.564 GC heap after
{Heap after GC invocations=1 (full 0):
 garbage-first heap   total 133120K, used 11276K [0x0000000780000000, 0x0000000800000000)
  region size 1024K, 2 young (2048K), 2 survivors (2048K)
 Metaspace       used 7319K, committed 7616K, reserved 1114112K
  class space    used 812K, committed 960K, reserved 1048576K
}
Event: 49.228 GC heap before
{Heap before GC invocations=1 (full 0):
 garbage-first heap   total 133120K, used 58380K [0x0000000780000000, 0x0000000800000000)
  region size 1024K, 48 young (49152K), 2 survivors (2048K)
 Metaspace       used 7726K, committed 8000K, reserved 1114112K
  class space    used 834K, committed 960K, reserved 1048576K
}
Event: 49.235 GC heap after
{Heap after GC invocations=2 (full 0):
 garbage-first heap   total 133120K, used 11248K [0x0000000780000000, 0x0000000800000000)
  region size 1024K, 2 young (2048K), 2 survivors (2048K)
 Metaspace       used 7726K, committed 8000K, reserved 1114112K
  class space    used 834K, committed 960K, reserved 1048576K
}
Event: 332.524 GC heap before
{Heap before GC invocations=2 (full 0):
 garbage-first heap   total 133120K, used 87024K [0x0000000780000000, 0x0000000800000000)
  region size 1024K, 76 young (77824K), 2 survivors (2048K)
 Metaspace       used 7729K, committed 8000K, reserved 1114112K
  class space    used 834K, committed 960K, reserved 1048576K
}
Event: 332.532 GC heap after
{Heap after GC invocations=3 (full 0):
 garbage-first heap   total 133120K, used 11336K [0x0000000780000000, 0x0000000800000000)
  region size 1024K, 3 young (3072K), 3 survivors (3072K)
 Metaspace       used 7729K, committed 8000K, reserved 1114112K
  class space    used 834K, committed 960K, reserved 1048576K
}
Event: 613.454 GC heap before
{Heap before GC invocations=3 (full 0):
 garbage-first heap   total 133120K, used 86088K [0x0000000780000000, 0x0000000800000000)
  region size 1024K, 76 young (77824K), 3 survivors (3072K)
 Metaspace       used 7730K, committed 8000K, reserved 1114112K
  class space    used 834K, committed 960K, reserved 1048576K
}
Event: 613.461 GC heap after
{Heap after GC invocations=4 (full 0):
 garbage-first heap   total 133120K, used 11113K [0x0000000780000000, 0x0000000800000000)
  region size 1024K, 2 young (2048K), 2 survivors (2048K)
 Metaspace       used 7730K, committed 8000K, reserved 1114112K
  class space    used 834K, committed 960K, reserved 1048576K
}
Event: 911.579 GC heap before
{Heap before GC invocations=4 (full 0):
 garbage-first heap   total 133120K, used 86889K [0x0000000780000000, 0x0000000800000000)
  region size 1024K, 76 young (77824K), 2 survivors (2048K)
 Metaspace       used 7730K, committed 8000K, reserved 1114112K
  class space    used 834K, committed 960K, reserved 1048576K
}
Event: 911.588 GC heap after
{Heap after GC invocations=5 (full 0):
 garbage-first heap   total 133120K, used 11950K [0x0000000780000000, 0x0000000800000000)
  region size 1024K, 3 young (3072K), 3 survivors (3072K)
 Metaspace       used 7730K, committed 8000K, reserved 1114112K
  class space    used 834K, committed 960K, reserved 1048576K
}

