# JRE version: OpenJDK Runtime Environment (21.0.1+12) (build 21.0.1+12-29)
# Java VM: OpenJDK 64-Bit Server VM (21.0.1+12-29, mixed mode, sharing, tiered, compressed oops, compressed class ptrs, g1 gc, bsd-aarch64)
Heap:
 garbage-first heap   total 133120K, used 86856K [0x0000000780000000, 0x0000000800000000)
  region size 1024K, 76 young (77824K), 2 survivors (2048K)
 Metaspace       used 7872K, committed 8128K, reserved 1114112K
  class space    used 833K, committed 960K, reserved 1048576K
GC Heap History (18 events):
Event: 0.432 GC heap before
{Heap before GC invocations=0 (full 0):
 garbage-first heap   total 133120K, used 31756K [0x0000000780000000, 0x0000000800000000)
  region size 1024K, 23 young (23552K), 0 survivors (0K)
 Metaspace       used 7296K, committed 7552K, reserved 1114112K
  class space    used 808K, committed 960K, reserved 1048576K
}
Event: 0.433 GC heap after
{Heap after GC invocations=1 (full 0):
 garbage-first heap   total 133120K, used 11532K [0x0000000780000000, 0x0000000800000000)
  region size 1024K, 3 young (3072K), 3 survivors (3072K)
 Metaspace       used 7296K, committed 7552K, reserved 1114112K
  class space    used 808K, committed 960K, reserved 1048576K
}
Event: 53.899 GC heap before
{Heap before GC invocations=1 (full 0):
 garbage-first heap   total 133120K, used 59660K [0x0000000780000000, 0x0000000800000000)
  region size 1024K, 50 young (51200K), 3 survivors (3072K)
 Metaspace       used 7573K, committed 7872K, reserved 1114112K
  class space    used 809K, committed 960K, reserved 1048576K
}
Event: 53.904 GC heap after
{Heap after GC invocations=2 (full 0):
 garbage-first heap   total 133120K, used 11240K [0x0000000780000000, 0x0000000800000000)
  region size 1024K, 2 young (2048K), 2 survivors (2048K)
 Metaspace       used 7573K, committed 7872K, reserved 1114112K
  class space    used 809K, committed 960K, reserved 1048576K
}
Event: 335.694 GC heap before
{Heap before GC invocations=2 (full 0):
 garbage-first heap   total 133120K, used 87016K [0x0000000780000000, 0x0000000800000000)
  region size 1024K, 76 young (77824K), 2 survivors (2048K)
 Metaspace       used 7872K, committed 8128K, reserved 1114112K
  class space    used 833K, committed 960K, reserved 1048576K
}
Event: 335.702 GC heap after
{Heap after GC invocations=3 (full 0):
 garbage-first heap   total 133120K, used 11105K [0x0000000780000000, 0x0000000800000000)
  region size 1024K, 2 young (2048K), 2 survivors (2048K)
 Metaspace       used 7872K, committed 8128K, reserved 1114112K
  class space    used 833K, committed 960K, reserved 1048576K
}
Event: 596.214 GC heap before
{Heap before GC invocations=3 (full 0):
 garbage-first heap   total 133120K, used 86881K [0x0000000780000000, 0x0000000800000000)
  region size 1024K, 76 young (77824K), 2 survivors (2048K)
 Metaspace       used 7872K, committed 8128K, reserved 1114112K
  class space    used 833K, committed 960K, reserved 1048576K
}
Event: 596.225 GC heap after
{Heap after GC invocations=4 (full 0):
 garbage-first heap   total 133120K, used 12268K [0x0000000780000000, 0x0000000800000000)
  region size 1024K, 3 young (3072K), 3 survivors (3072K)
 Metaspace       used 7872K, committed 8128K, reserved 1114112K
  class space    used 833K, committed 960K, reserved 1048576K
}
Event: 844.642 GC heap before
{Heap before GC invocations=4 (full 0):
 garbage-first heap   total 133120K, used 87020K [0x0000000780000000, 0x0000000800000000)
  region size 1024K, 76 young (77824K), 3 survivors (3072K)
 Metaspace       used 7872K, committed 8128K, reserved 1114112K
  class space    used 833K, committed 960K, reserved 1048576K
}
Event: 844.647 GC heap after
{Heap after GC invocations=5 (full 0):
 garbage-first heap   total 133120K, used 11809K [0x0000000780000000, 0x0000000800000000)
  region size 1024K, 3 young (3072K), 3 survivors (3072K)
 Metaspace       used 7872K, committed 8128K, reserved 1114112K
  class space    used 833K, committed 960K, reserved 1048576K
}
Event: 1131.433 GC heap before
{Heap before GC invocations=5 (full 0):
 garbage-first heap   total 133120K, used 86561K [0x0000000780000000, 0x0000000800000000)
  region size 1024K, 76 young (77824K), 3 survivors (3072K)
 Metaspace       used 7872K, committed 8128K, reserved 1114112K
  class space    used 833K, committed 960K, reserved 1048576K
}
Event: 1131.443 GC heap after
{Heap after GC invocations=6 (full 0):
 garbage-first heap   total 133120K, used 11839K [0x0000000780000000, 0x0000000800000000)
  region size 1024K, 3 young (3072K), 3 survivors (3072K)
 Metaspace       used 7872K, committed 8128K, reserved 1114112K
  class space    used 833K, committed 960K, reserved 1048576K
}
Event: 1424.848 GC heap before
{Heap before GC invocations=6 (full 0):
 garbage-first heap   total 133120K, used 86591K [0x0000000780000000, 0x0000000800000000)
  region size 1024K, 76 young (77824K), 3 survivors (3072K)
 Metaspace       used 7872K, committed 8128K, reserved 1114112K
  class space    used 833K, committed 960K, reserved 1048576K
}
Event: 1424.857 GC heap after
{Heap after GC invocations=7 (full 0):
 garbage-first heap   total 133120K, used 11910K [0x0000000780000000, 0x0000000800000000)
  region size 1024K, 3 young (3072K), 3 survivors (3072K)
 Metaspace       used 7872K, committed 8128K, reserved 1114112K
  class space    used 833K, committed 960K, reserved 1048576K
}
Event: 1714.208 GC heap before
{Heap before GC invocations=7 (full 0):
 garbage-first heap   total 133120K, used 86662K [0x0000000780000000, 0x0000000800000000)
  region size 1024K, 76 young (77824K), 3 survivors (3072K)
 Metaspace       used 7872K, committed 8128K, reserved 1114112K
  class space    used 833K, committed 960K, reserved 1048576K
}
Event: 1714.218 GC heap after
{Heap after GC invocations=8 (full 0):
 garbage-first heap   total 133120K, used 12300K [0x0000000780000000, 0x0000000800000000)
  region size 1024K, 3 young (3072K), 3 survivors (3072K)
 Metaspace       used 7872K, committed 8128K, reserved 1114112K
  class space    used 833K, committed 960K, reserved 1048576K
}
Event: 2010.406 GC heap before
{Heap before GC invocations=8 (full 0):
 garbage-first heap   total 133120K, used 87052K [0x0000000780000000, 0x0000000800000000)
  region size 1024K, 76 young (77824K), 3 survivors (3072K)
 Metaspace       used 7872K, committed 8128K, reserved 1114112K
  class space    used 833K, committed 960K, reserved 1048576K
}
Event: 2010.414 GC heap after
{Heap after GC invocations=9 (full 0):
 garbage-first heap   total 133120K, used 11080K [0x0000000780000000, 0x0000000800000000)
  region size 1024K, 2 young (2048K), 2 survivors (2048K)
 Metaspace       used 7872K, committed 8128K, reserved 1114112K
  class space    used 833K, committed 960K, reserved 1048576K
}

