# JRE version: OpenJDK Runtime Environment (21.0.1+12) (build 21.0.1+12-29)
# Java VM: OpenJDK 64-Bit Server VM (21.0.1+12-29, mixed mode, sharing, tiered, compressed oops, compressed class ptrs, g1 gc, bsd-aarch64)
Heap:
 garbage-first heap   total 133120K, used 15352K [0x0000000780000000, 0x0000000800000000)
  region size 1024K, 5 young (5120K), 1 survivors (1024K)
 Metaspace       used 7930K, committed 8192K, reserved 1114112K
  class space    used 835K, committed 960K, reserved 1048576K
GC Heap History (20 events):
Event: 1750.355 GC heap before
{Heap before GC invocations=7 (full 0):
 garbage-first heap   total 133120K, used 86784K [0x0000000780000000, 0x0000000800000000)
  region size 1024K, 76 young (77824K), 2 survivors (2048K)
 Metaspace       used 7930K, committed 8192K, reserved 1114112K
  class space    used 835K, committed 960K, reserved 1048576K
}
Event: 1750.358 GC heap after
{Heap after GC invocations=8 (full 0):
 garbage-first heap   total 133120K, used 11246K [0x0000000780000000, 0x0000000800000000)
  region size 1024K, 2 young (2048K), 2 survivors (2048K)
 Metaspace       used 7930K, committed 8192K, reserved 1114112K
  class space    used 835K, committed 960K, reserved 1048576K
}
Event: 2005.923 GC heap before
{Heap before GC invocations=8 (full 0):
 garbage-first heap   total 133120K, used 87022K [0x0000000780000000, 0x0000000800000000)
  region size 1024K, 76 young (77824K), 2 survivors (2048K)
 Metaspace       used 7930K, committed 8192K, reserved 1114112K
  class space    used 835K, committed 960K, reserved 1048576K
}
Event: 2005.928 GC heap after
{Heap after GC invocations=9 (full 0):
 garbage-first heap   total 133120K, used 11164K [0x0000000780000000, 0x0000000800000000)
  region size 1024K, 2 young (2048K), 2 survivors (2048K)
 Metaspace       used 7930K, committed 8192K, reserved 1114112K
  class space    used 835K, committed 960K, reserved 1048576K
}
Event: 2261.876 GC heap before
{Heap before GC invocations=9 (full 0):
 garbage-first heap   total 133120K, used 86940K [0x0000000780000000, 0x0000000800000000)
  region size 1024K, 76 young (77824K), 2 survivors (2048K)
 Metaspace       used 7930K, committed 8192K, reserved 1114112K
  class space    used 835K, committed 960K, reserved 1048576K
}
Event: 2261.883 GC heap after
{Heap after GC invocations=10 (full 0):
 garbage-first heap   total 133120K, used 11136K [0x0000000780000000, 0x0000000800000000)
  region size 1024K, 2 young (2048K), 2 survivors (2048K)
 Metaspace       used 7930K, committed 8192K, reserved 1114112K
  class space    used 835K, committed 960K, reserved 1048576K
}
Event: 2519.158 GC heap before
{Heap before GC invocations=10 (full 0):
 garbage-first heap   total 133120K, used 86912K [0x0000000780000000, 0x0000000800000000)
  region size 1024K, 76 young (77824K), 2 survivors (2048K)
 Metaspace       used 7930K, committed 8192K, reserved 1114112K
  class space    used 835K, committed 960K, reserved 1048576K
}
Event: 2519.165 GC heap after
{Heap after GC invocations=11 (full 0):
 garbage-first heap   total 133120K, used 11122K [0x0000000780000000, 0x0000000800000000)
  region size 1024K, 2 young (2048K), 2 survivors (2048K)
 Metaspace       used 7930K, committed 8192K, reserved 1114112K
  class space    used 835K, committed 960K, reserved 1048576K
}
Event: 2775.147 GC heap before
{Heap before GC invocations=11 (full 0):
 garbage-first heap   total 133120K, used 86898K [0x0000000780000000, 0x0000000800000000)
  region size 1024K, 76 young (77824K), 2 survivors (2048K)
 Metaspace       used 7930K, committed 8192K, reserved 1114112K
  class space    used 835K, committed 960K, reserved 1048576K
}
Event: 2775.152 GC heap after
{Heap after GC invocations=12 (full 0):
 garbage-first heap   total 133120K, used 10938K [0x0000000780000000, 0x0000000800000000)
  region size 1024K, 2 young (2048K), 2 survivors (2048K)
 Metaspace       used 7930K, committed 8192K, reserved 1114112K
  class space    used 835K, committed 960K, reserved 1048576K
}
Event: 3031.329 GC heap before
{Heap before GC invocations=12 (full 0):
 garbage-first heap   total 133120K, used 86714K [0x0000000780000000, 0x0000000800000000)
  region size 1024K, 76 young (77824K), 2 survivors (2048K)
 Metaspace       used 7930K, committed 8192K, reserved 1114112K
  class space    used 835K, committed 960K, reserved 1048576K
}
Event: 3031.339 GC heap after
{Heap after GC invocations=13 (full 0):
 garbage-first heap   total 133120K, used 12028K [0x0000000780000000, 0x0000000800000000)
  region size 1024K, 3 young (3072K), 3 survivors (3072K)
 Metaspace       used 7930K, committed 8192K, reserved 1114112K
  class space    used 835K, committed 960K, reserved 1048576K
}
Event: 3284.728 GC heap before
{Heap before GC invocations=13 (full 0):
 garbage-first heap   total 133120K, used 86780K [0x0000000780000000, 0x0000000800000000)
  region size 1024K, 76 young (77824K), 3 survivors (3072K)
 Metaspace       used 7930K, committed 8192K, reserved 1114112K
  class space    used 835K, committed 960K, reserved 1048576K
}
Event: 3284.738 GC heap after
{Heap after GC invocations=14 (full 0):
 garbage-first heap   total 133120K, used 11740K [0x0000000780000000, 0x0000000800000000)
  region size 1024K, 3 young (3072K), 3 survivors (3072K)
 Metaspace       used 7930K, committed 8192K, reserved 1114112K
  class space    used 835K, committed 960K, reserved 1048576K
}
Event: 3537.326 GC heap before
{Heap before GC invocations=14 (full 0):
 garbage-first heap   total 133120K, used 86492K [0x0000000780000000, 0x0000000800000000)
  region size 1024K, 76 young (77824K), 3 survivors (3072K)
 Metaspace       used 7930K, committed 8192K, reserved 1114112K
  class space    used 835K, committed 960K, reserved 1048576K
}
Event: 3537.336 GC heap after
{Heap after GC invocations=15 (full 0):
 garbage-first heap   total 133120K, used 11980K [0x0000000780000000, 0x0000000800000000)
  region size 1024K, 3 young (3072K), 3 survivors (3072K)
 Metaspace       used 7930K, committed 8192K, reserved 1114112K
  class space    used 835K, committed 960K, reserved 1048576K
}
Event: 3796.111 GC heap before
{Heap before GC invocations=15 (full 0):
 garbage-first heap   total 133120K, used 86732K [0x0000000780000000, 0x0000000800000000)
  region size 1024K, 76 young (77824K), 3 survivors (3072K)
 Metaspace       used 7930K, committed 8192K, reserved 1114112K
  class space    used 835K, committed 960K, reserved 1048576K
}
Event: 3796.121 GC heap after
{Heap after GC invocations=16 (full 0):
 garbage-first heap   total 133120K, used 11310K [0x0000000780000000, 0x0000000800000000)
  region size 1024K, 1 young (1024K), 1 survivors (1024K)
 Metaspace       used 7930K, committed 8192K, reserved 1114112K
  class space    used 835K, committed 960K, reserved 1048576K
}
Event: 4103.886 GC heap before
{Heap before GC invocations=16 (full 0):
 garbage-first heap   total 133120K, used 88110K [0x0000000780000000, 0x0000000800000000)
  region size 1024K, 76 young (77824K), 1 survivors (1024K)
 Metaspace       used 7930K, committed 8192K, reserved 1114112K
  class space    used 835K, committed 960K, reserved 1048576K
}
Event: 4103.887 GC heap after
{Heap after GC invocations=17 (full 0):
 garbage-first heap   total 133120K, used 11256K [0x0000000780000000, 0x0000000800000000)
  region size 1024K, 1 young (1024K), 1 survivors (1024K)
 Metaspace       used 7930K, committed 8192K, reserved 1114112K
  class space    used 835K, committed 960K, reserved 1048576K
}

