# JRE version: OpenJDK Runtime Environment (21.0.1+12) (build 21.0.1+12-29)
# Java VM: OpenJDK 64-Bit Server VM (21.0.1+12-29, mixed mode, sharing, tiered, compressed oops, compressed class ptrs, g1 gc, bsd-aarch64)
Heap:
 garbage-first heap   total 133120K, used 65638K [0x0000000780000000, 0x0000000800000000)
  region size 1024K, 54 young (55296K), 1 survivors (1024K)
 Metaspace       used 7950K, committed 8192K, reserved 1114112K
  class space    used 837K, committed 960K, reserved 1048576K
GC Heap History (20 events):
Event: 18235.257 GC heap before
{Heap before GC invocations=66 (full 0):
 garbage-first heap   total 133120K, used 88168K [0x0000000780000000, 0x0000000800000000)
  region size 1024K, 76 young (77824K), 1 survivors (1024K)
 Metaspace       used 7922K, committed 8192K, reserved 1114112K
  class space    used 837K, committed 960K, reserved 1048576K
}
Event: 18235.260 GC heap after
{Heap after GC invocations=67 (full 0):
 garbage-first heap   total 133120K, used 11370K [0x0000000780000000, 0x0000000800000000)
  region size 1024K, 1 young (1024K), 1 survivors (1024K)
 Metaspace       used 7922K, committed 8192K, reserved 1114112K
  class space    used 837K, committed 960K, reserved 1048576K
}
Event: 18495.061 GC heap before
{Heap before GC invocations=67 (full 0):
 garbage-first heap   total 133120K, used 88170K [0x0000000780000000, 0x0000000800000000)
  region size 1024K, 76 young (77824K), 1 survivors (1024K)
 Metaspace       used 7922K, committed 8192K, reserved 1114112K
  class space    used 837K, committed 960K, reserved 1048576K
}
Event: 18495.063 GC heap after
{Heap after GC invocations=68 (full 0):
 garbage-first heap   total 133120K, used 11370K [0x0000000780000000, 0x0000000800000000)
  region size 1024K, 1 young (1024K), 1 survivors (1024K)
 Metaspace       used 7922K, committed 8192K, reserved 1114112K
  class space    used 837K, committed 960K, reserved 1048576K
}
Event: 18755.191 GC heap before
{Heap before GC invocations=68 (full 0):
 garbage-first heap   total 133120K, used 88170K [0x0000000780000000, 0x0000000800000000)
  region size 1024K, 76 young (77824K), 1 survivors (1024K)
 Metaspace       used 7922K, committed 8192K, reserved 1114112K
  class space    used 837K, committed 960K, reserved 1048576K
}
Event: 18755.192 GC heap after
{Heap after GC invocations=69 (full 0):
 garbage-first heap   total 133120K, used 11366K [0x0000000780000000, 0x0000000800000000)
  region size 1024K, 1 young (1024K), 1 survivors (1024K)
 Metaspace       used 7922K, committed 8192K, reserved 1114112K
  class space    used 837K, committed 960K, reserved 1048576K
}
Event: 19014.523 GC heap before
{Heap before GC invocations=69 (full 0):
 garbage-first heap   total 133120K, used 88166K [0x0000000780000000, 0x0000000800000000)
  region size 1024K, 76 young (77824K), 1 survivors (1024K)
 Metaspace       used 7922K, committed 8192K, reserved 1114112K
  class space    used 837K, committed 960K, reserved 1048576K
}
Event: 19014.524 GC heap after
{Heap after GC invocations=70 (full 0):
 garbage-first heap   total 133120K, used 11368K [0x0000000780000000, 0x0000000800000000)
  region size 1024K, 1 young (1024K), 1 survivors (1024K)
 Metaspace       used 7922K, committed 8192K, reserved 1114112K
  class space    used 837K, committed 960K, reserved 1048576K
}
Event: 19302.695 GC heap before
{Heap before GC invocations=70 (full 0):
 garbage-first heap   total 133120K, used 88168K [0x0000000780000000, 0x0000000800000000)
  region size 1024K, 76 young (77824K), 1 survivors (1024K)
 Metaspace       used 7949K, committed 8192K, reserved 1114112K
  class space    used 837K, committed 960K, reserved 1048576K
}
Event: 19302.704 GC heap after
{Heap after GC invocations=71 (full 0):
 garbage-first heap   total 133120K, used 11376K [0x0000000780000000, 0x0000000800000000)
  region size 1024K, 1 young (1024K), 1 survivors (1024K)
 Metaspace       used 7949K, committed 8192K, reserved 1114112K
  class space    used 837K, committed 960K, reserved 1048576K
}
Event: 19613.854 GC heap before
{Heap before GC invocations=71 (full 0):
 garbage-first heap   total 133120K, used 88176K [0x0000000780000000, 0x0000000800000000)
  region size 1024K, 76 young (77824K), 1 survivors (1024K)
 Metaspace       used 7949K, committed 8192K, reserved 1114112K
  class space    used 837K, committed 960K, reserved 1048576K
}
Event: 19613.856 GC heap after
{Heap after GC invocations=72 (full 0):
 garbage-first heap   total 133120K, used 11370K [0x0000000780000000, 0x0000000800000000)
  region size 1024K, 1 young (1024K), 1 survivors (1024K)
 Metaspace       used 7949K, committed 8192K, reserved 1114112K
  class space    used 837K, committed 960K, reserved 1048576K
}
Event: 19911.686 GC heap before
{Heap before GC invocations=72 (full 0):
 garbage-first heap   total 133120K, used 88170K [0x0000000780000000, 0x0000000800000000)
  region size 1024K, 76 young (77824K), 1 survivors (1024K)
 Metaspace       used 7949K, committed 8192K, reserved 1114112K
  class space    used 837K, committed 960K, reserved 1048576K
}
Event: 19911.688 GC heap after
{Heap after GC invocations=73 (full 0):
 garbage-first heap   total 133120K, used 11372K [0x0000000780000000, 0x0000000800000000)
  region size 1024K, 1 young (1024K), 1 survivors (1024K)
 Metaspace       used 7949K, committed 8192K, reserved 1114112K
  class space    used 837K, committed 960K, reserved 1048576K
}
Event: 20221.084 GC heap before
{Heap before GC invocations=73 (full 0):
 garbage-first heap   total 133120K, used 88172K [0x0000000780000000, 0x0000000800000000)
  region size 1024K, 76 young (77824K), 1 survivors (1024K)
 Metaspace       used 7949K, committed 8192K, reserved 1114112K
  class space    used 837K, committed 960K, reserved 1048576K
}
Event: 20221.088 GC heap after
{Heap after GC invocations=74 (full 0):
 garbage-first heap   total 133120K, used 11368K [0x0000000780000000, 0x0000000800000000)
  region size 1024K, 1 young (1024K), 1 survivors (1024K)
 Metaspace       used 7949K, committed 8192K, reserved 1114112K
  class space    used 837K, committed 960K, reserved 1048576K
}
Event: 20514.282 GC heap before
{Heap before GC invocations=74 (full 0):
 garbage-first heap   total 133120K, used 88168K [0x0000000780000000, 0x0000000800000000)
  region size 1024K, 76 young (77824K), 1 survivors (1024K)
 Metaspace       used 7949K, committed 8192K, reserved 1114112K
  class space    used 837K, committed 960K, reserved 1048576K
}
Event: 20514.284 GC heap after
{Heap after GC invocations=75 (full 0):
 garbage-first heap   total 133120K, used 11372K [0x0000000780000000, 0x0000000800000000)
  region size 1024K, 1 young (1024K), 1 survivors (1024K)
 Metaspace       used 7949K, committed 8192K, reserved 1114112K
  class space    used 837K, committed 960K, reserved 1048576K
}
Event: 20805.336 GC heap before
{Heap before GC invocations=75 (full 0):
 garbage-first heap   total 133120K, used 88172K [0x0000000780000000, 0x0000000800000000)
  region size 1024K, 76 young (77824K), 1 survivors (1024K)
 Metaspace       used 7950K, committed 8192K, reserved 1114112K
  class space    used 837K, committed 960K, reserved 1048576K
}
Event: 20805.339 GC heap after
{Heap after GC invocations=76 (full 0):
 garbage-first heap   total 133120K, used 11366K [0x0000000780000000, 0x0000000800000000)
  region size 1024K, 1 young (1024K), 1 survivors (1024K)
 Metaspace       used 7950K, committed 8192K, reserved 1114112K
  class space    used 837K, committed 960K, reserved 1048576K
}

