# JRE version: OpenJDK Runtime Environment (21.0.1+12) (build 21.0.1+12-29)
# Java VM: OpenJDK 64-Bit Server VM (21.0.1+12-29, mixed mode, sharing, tiered, compressed oops, compressed class ptrs, g1 gc, bsd-aarch64)
Heap:
 garbage-first heap   total 133120K, used 58220K [0x0000000780000000, 0x0000000800000000)
  region size 1024K, 47 young (48128K), 1 survivors (1024K)
 Metaspace       used 7763K, committed 8000K, reserved 1114112K
  class space    used 834K, committed 960K, reserved 1048576K
GC Heap History (20 events):
Event: 20165.295 GC heap before
{Heap before GC invocations=75 (full 0):
 garbage-first heap   total 133120K, used 87924K [0x0000000780000000, 0x0000000800000000)
  region size 1024K, 76 young (77824K), 1 survivors (1024K)
 Metaspace       used 7763K, committed 8000K, reserved 1114112K
  class space    used 834K, committed 960K, reserved 1048576K
}
Event: 20165.302 GC heap after
{Heap after GC invocations=76 (full 0):
 garbage-first heap   total 133120K, used 11122K [0x0000000780000000, 0x0000000800000000)
  region size 1024K, 1 young (1024K), 1 survivors (1024K)
 Metaspace       used 7763K, committed 8000K, reserved 1114112K
  class space    used 834K, committed 960K, reserved 1048576K
}
Event: 20432.876 GC heap before
{Heap before GC invocations=76 (full 0):
 garbage-first heap   total 133120K, used 87922K [0x0000000780000000, 0x0000000800000000)
  region size 1024K, 76 young (77824K), 1 survivors (1024K)
 Metaspace       used 7763K, committed 8000K, reserved 1114112K
  class space    used 834K, committed 960K, reserved 1048576K
}
Event: 20432.884 GC heap after
{Heap after GC invocations=77 (full 0):
 garbage-first heap   total 133120K, used 11118K [0x0000000780000000, 0x0000000800000000)
  region size 1024K, 1 young (1024K), 1 survivors (1024K)
 Metaspace       used 7763K, committed 8000K, reserved 1114112K
  class space    used 834K, committed 960K, reserved 1048576K
}
Event: 20692.180 GC heap before
{Heap before GC invocations=77 (full 0):
 garbage-first heap   total 133120K, used 87918K [0x0000000780000000, 0x0000000800000000)
  region size 1024K, 76 young (77824K), 1 survivors (1024K)
 Metaspace       used 7763K, committed 8000K, reserved 1114112K
  class space    used 834K, committed 960K, reserved 1048576K
}
Event: 20692.188 GC heap after
{Heap after GC invocations=78 (full 0):
 garbage-first heap   total 133120K, used 11122K [0x0000000780000000, 0x0000000800000000)
  region size 1024K, 1 young (1024K), 1 survivors (1024K)
 Metaspace       used 7763K, committed 8000K, reserved 1114112K
  class space    used 834K, committed 960K, reserved 1048576K
}
Event: 20947.935 GC heap before
{Heap before GC invocations=78 (full 0):
 garbage-first heap   total 133120K, used 87922K [0x0000000780000000, 0x0000000800000000)
  region size 1024K, 76 young (77824K), 1 survivors (1024K)
 Metaspace       used 7763K, committed 8000K, reserved 1114112K
  class space    used 834K, committed 960K, reserved 1048576K
}
Event: 20947.978 GC heap after
{Heap after GC invocations=79 (full 0):
 garbage-first heap   total 133120K, used 11122K [0x0000000780000000, 0x0000000800000000)
  region size 1024K, 1 young (1024K), 1 survivors (1024K)
 Metaspace       used 7763K, committed 8000K, reserved 1114112K
  class space    used 834K, committed 960K, reserved 1048576K
}
Event: 21203.420 GC heap before
{Heap before GC invocations=79 (full 0):
 garbage-first heap   total 133120K, used 87922K [0x0000000780000000, 0x0000000800000000)
  region size 1024K, 76 young (77824K), 1 survivors (1024K)
 Metaspace       used 7763K, committed 8000K, reserved 1114112K
  class space    used 834K, committed 960K, reserved 1048576K
}
Event: 21203.428 GC heap after
{Heap after GC invocations=80 (full 0):
 garbage-first heap   total 133120K, used 11124K [0x0000000780000000, 0x0000000800000000)
  region size 1024K, 1 young (1024K), 1 survivors (1024K)
 Metaspace       used 7763K, committed 8000K, reserved 1114112K
  class space    used 834K, committed 960K, reserved 1048576K
}
Event: 21458.660 GC heap before
{Heap before GC invocations=80 (full 0):
 garbage-first heap   total 133120K, used 87924K [0x0000000780000000, 0x0000000800000000)
  region size 1024K, 76 young (77824K), 1 survivors (1024K)
 Metaspace       used 7763K, committed 8000K, reserved 1114112K
  class space    used 834K, committed 960K, reserved 1048576K
}
Event: 21458.663 GC heap after
{Heap after GC invocations=81 (full 0):
 garbage-first heap   total 133120K, used 11116K [0x0000000780000000, 0x0000000800000000)
  region size 1024K, 1 young (1024K), 1 survivors (1024K)
 Metaspace       used 7763K, committed 8000K, reserved 1114112K
  class space    used 834K, committed 960K, reserved 1048576K
}
Event: 21715.398 GC heap before
{Heap before GC invocations=81 (full 0):
 garbage-first heap   total 133120K, used 87916K [0x0000000780000000, 0x0000000800000000)
  region size 1024K, 76 young (77824K), 1 survivors (1024K)
 Metaspace       used 7763K, committed 8000K, reserved 1114112K
  class space    used 834K, committed 960K, reserved 1048576K
}
Event: 21715.400 GC heap after
{Heap after GC invocations=82 (full 0):
 garbage-first heap   total 133120K, used 11116K [0x0000000780000000, 0x0000000800000000)
  region size 1024K, 1 young (1024K), 1 survivors (1024K)
 Metaspace       used 7763K, committed 8000K, reserved 1114112K
  class space    used 834K, committed 960K, reserved 1048576K
}
Event: 21972.134 GC heap before
{Heap before GC invocations=82 (full 0):
 garbage-first heap   total 133120K, used 87916K [0x0000000780000000, 0x0000000800000000)
  region size 1024K, 76 young (77824K), 1 survivors (1024K)
 Metaspace       used 7763K, committed 8000K, reserved 1114112K
  class space    used 834K, committed 960K, reserved 1048576K
}
Event: 21972.136 GC heap after
{Heap after GC invocations=83 (full 0):
 garbage-first heap   total 133120K, used 11118K [0x0000000780000000, 0x0000000800000000)
  region size 1024K, 1 young (1024K), 1 survivors (1024K)
 Metaspace       used 7763K, committed 8000K, reserved 1114112K
  class space    used 834K, committed 960K, reserved 1048576K
}
Event: 22228.258 GC heap before
{Heap before GC invocations=83 (full 0):
 garbage-first heap   total 133120K, used 87918K [0x0000000780000000, 0x0000000800000000)
  region size 1024K, 76 young (77824K), 1 survivors (1024K)
 Metaspace       used 7763K, committed 8000K, reserved 1114112K
  class space    used 834K, committed 960K, reserved 1048576K
}
Event: 22228.260 GC heap after
{Heap after GC invocations=84 (full 0):
 garbage-first heap   total 133120K, used 11118K [0x0000000780000000, 0x0000000800000000)
  region size 1024K, 1 young (1024K), 1 survivors (1024K)
 Metaspace       used 7763K, committed 8000K, reserved 1114112K
  class space    used 834K, committed 960K, reserved 1048576K
}
Event: 22484.779 GC heap before
{Heap before GC invocations=84 (full 0):
 garbage-first heap   total 133120K, used 87918K [0x0000000780000000, 0x0000000800000000)
  region size 1024K, 76 young (77824K), 1 survivors (1024K)
 Metaspace       used 7763K, committed 8000K, reserved 1114112K
  class space    used 834K, committed 960K, reserved 1048576K
}
Event: 22484.781 GC heap after
{Heap after GC invocations=85 (full 0):
 garbage-first heap   total 133120K, used 11116K [0x0000000780000000, 0x0000000800000000)
  region size 1024K, 1 young (1024K), 1 survivors (1024K)
 Metaspace       used 7763K, committed 8000K, reserved 1114112K
  class space    used 834K, committed 960K, reserved 1048576K
}

