# JRE version: OpenJDK Runtime Environment (21.0.1+12) (build 21.0.1+12-29)
# Java VM: OpenJDK 64-Bit Server VM (21.0.1+12-29, mixed mode, sharing, tiered, compressed oops, compressed class ptrs, g1 gc, bsd-aarch64)
Heap:
 garbage-first heap   total 133120K, used 55677K [0x0000000780000000, 0x0000000800000000)
  region size 1024K, 45 young (46080K), 1 survivors (1024K)
 Metaspace       used 7722K, committed 8000K, reserved 1114112K
  class space    used 835K, committed 960K, reserved 1048576K
GC Heap History (20 events):
Event: 3003.026 GC heap before
{Heap before GC invocations=11 (full 0):
 garbage-first heap   total 133120K, used 86926K [0x0000000780000000, 0x0000000800000000)
  region size 1024K, 76 young (77824K), 2 survivors (2048K)
 Metaspace       used 7720K, committed 8000K, reserved 1114112K
  class space    used 835K, committed 960K, reserved 1048576K
}
Event: 3003.032 GC heap after
{Heap after GC invocations=12 (full 0):
 garbage-first heap   total 133120K, used 11690K [0x0000000780000000, 0x0000000800000000)
  region size 1024K, 3 young (3072K), 3 survivors (3072K)
 Metaspace       used 7720K, committed 8000K, reserved 1114112K
  class space    used 835K, committed 960K, reserved 1048576K
}
Event: 3314.573 GC heap before
{Heap before GC invocations=12 (full 0):
 garbage-first heap   total 133120K, used 86442K [0x0000000780000000, 0x0000000800000000)
  region size 1024K, 76 young (77824K), 3 survivors (3072K)
 Metaspace       used 7720K, committed 8000K, reserved 1114112K
  class space    used 835K, committed 960K, reserved 1048576K
}
Event: 3314.577 GC heap after
{Heap after GC invocations=13 (full 0):
 garbage-first heap   total 133120K, used 11813K [0x0000000780000000, 0x0000000800000000)
  region size 1024K, 3 young (3072K), 3 survivors (3072K)
 Metaspace       used 7720K, committed 8000K, reserved 1114112K
  class space    used 835K, committed 960K, reserved 1048576K
}
Event: 3610.182 GC heap before
{Heap before GC invocations=13 (full 0):
 garbage-first heap   total 133120K, used 86565K [0x0000000780000000, 0x0000000800000000)
  region size 1024K, 76 young (77824K), 3 survivors (3072K)
 Metaspace       used 7720K, committed 8000K, reserved 1114112K
  class space    used 835K, committed 960K, reserved 1048576K
}
Event: 3610.188 GC heap after
{Heap after GC invocations=14 (full 0):
 garbage-first heap   total 133120K, used 12219K [0x0000000780000000, 0x0000000800000000)
  region size 1024K, 3 young (3072K), 3 survivors (3072K)
 Metaspace       used 7720K, committed 8000K, reserved 1114112K
  class space    used 835K, committed 960K, reserved 1048576K
}
Event: 3907.094 GC heap before
{Heap before GC invocations=14 (full 0):
 garbage-first heap   total 133120K, used 86971K [0x0000000780000000, 0x0000000800000000)
  region size 1024K, 76 young (77824K), 3 survivors (3072K)
 Metaspace       used 7720K, committed 8000K, reserved 1114112K
  class space    used 835K, committed 960K, reserved 1048576K
}
Event: 3907.099 GC heap after
{Heap after GC invocations=15 (full 0):
 garbage-first heap   total 133120K, used 11164K [0x0000000780000000, 0x0000000800000000)
  region size 1024K, 2 young (2048K), 2 survivors (2048K)
 Metaspace       used 7720K, committed 8000K, reserved 1114112K
  class space    used 835K, committed 960K, reserved 1048576K
}
Event: 4207.832 GC heap before
{Heap before GC invocations=15 (full 0):
 garbage-first heap   total 133120K, used 86940K [0x0000000780000000, 0x0000000800000000)
  region size 1024K, 76 young (77824K), 2 survivors (2048K)
 Metaspace       used 7720K, committed 8000K, reserved 1114112K
  class space    used 835K, committed 960K, reserved 1048576K
}
Event: 4207.837 GC heap after
{Heap after GC invocations=16 (full 0):
 garbage-first heap   total 133120K, used 11204K [0x0000000780000000, 0x0000000800000000)
  region size 1024K, 1 young (1024K), 1 survivors (1024K)
 Metaspace       used 7720K, committed 8000K, reserved 1114112K
  class space    used 835K, committed 960K, reserved 1048576K
}
Event: 4512.477 GC heap before
{Heap before GC invocations=16 (full 0):
 garbage-first heap   total 133120K, used 88004K [0x0000000780000000, 0x0000000800000000)
  region size 1024K, 76 young (77824K), 1 survivors (1024K)
 Metaspace       used 7720K, committed 8000K, reserved 1114112K
  class space    used 835K, committed 960K, reserved 1048576K
}
Event: 4512.479 GC heap after
{Heap after GC invocations=17 (full 0):
 garbage-first heap   total 133120K, used 11134K [0x0000000780000000, 0x0000000800000000)
  region size 1024K, 1 young (1024K), 1 survivors (1024K)
 Metaspace       used 7720K, committed 8000K, reserved 1114112K
  class space    used 835K, committed 960K, reserved 1048576K
}
Event: 4817.181 GC heap before
{Heap before GC invocations=17 (full 0):
 garbage-first heap   total 133120K, used 87934K [0x0000000780000000, 0x0000000800000000)
  region size 1024K, 76 young (77824K), 1 survivors (1024K)
 Metaspace       used 7720K, committed 8000K, reserved 1114112K
  class space    used 835K, committed 960K, reserved 1048576K
}
Event: 4817.184 GC heap after
{Heap after GC invocations=18 (full 0):
 garbage-first heap   total 133120K, used 11123K [0x0000000780000000, 0x0000000800000000)
  region size 1024K, 1 young (1024K), 1 survivors (1024K)
 Metaspace       used 7720K, committed 8000K, reserved 1114112K
  class space    used 835K, committed 960K, reserved 1048576K
}
Event: 5122.294 GC heap before
{Heap before GC invocations=18 (full 0):
 garbage-first heap   total 133120K, used 87923K [0x0000000780000000, 0x0000000800000000)
  region size 1024K, 76 young (77824K), 1 survivors (1024K)
 Metaspace       used 7720K, committed 8000K, reserved 1114112K
  class space    used 835K, committed 960K, reserved 1048576K
}
Event: 5122.309 GC heap after
{Heap after GC invocations=19 (full 0):
 garbage-first heap   total 133120K, used 11121K [0x0000000780000000, 0x0000000800000000)
  region size 1024K, 1 young (1024K), 1 survivors (1024K)
 Metaspace       used 7720K, committed 8000K, reserved 1114112K
  class space    used 835K, committed 960K, reserved 1048576K
}
Event: 5425.343 GC heap before
{Heap before GC invocations=19 (full 0):
 garbage-first heap   total 133120K, used 87921K [0x0000000780000000, 0x0000000800000000)
  region size 1024K, 76 young (77824K), 1 survivors (1024K)
 Metaspace       used 7722K, committed 8000K, reserved 1114112K
  class space    used 835K, committed 960K, reserved 1048576K
}
Event: 5425.345 GC heap after
{Heap after GC invocations=20 (full 0):
 garbage-first heap   total 133120K, used 11129K [0x0000000780000000, 0x0000000800000000)
  region size 1024K, 1 young (1024K), 1 survivors (1024K)
 Metaspace       used 7722K, committed 8000K, reserved 1114112K
  class space    used 835K, committed 960K, reserved 1048576K
}
Event: 5729.404 GC heap before
{Heap before GC invocations=20 (full 0):
 garbage-first heap   total 133120K, used 87929K [0x0000000780000000, 0x0000000800000000)
  region size 1024K, 76 young (77824K), 1 survivors (1024K)
 Metaspace       used 7722K, committed 8000K, reserved 1114112K
  class space    used 835K, committed 960K, reserved 1048576K
}
Event: 5729.413 GC heap after
{Heap after GC invocations=21 (full 0):
 garbage-first heap   total 133120K, used 11131K [0x0000000780000000, 0x0000000800000000)
  region size 1024K, 1 young (1024K), 1 survivors (1024K)
 Metaspace       used 7722K, committed 8000K, reserved 1114112K
  class space    used 835K, committed 960K, reserved 1048576K
}

