# JRE version: OpenJDK Runtime Environment (21.0.1+12) (build 21.0.1+12-29)
# Java VM: OpenJDK 64-Bit Server VM (21.0.1+12-29, mixed mode, sharing, tiered, compressed oops, compressed class ptrs, g1 gc, bsd-aarch64)
Heap:
 garbage-first heap   total 133120K, used 19762K [0x0000000780000000, 0x0000000800000000)
  region size 1024K, 11 young (11264K), 3 survivors (3072K)
 Metaspace       used 7722K, committed 8000K, reserved 1114112K
  class space    used 835K, committed 960K, reserved 1048576K
GC Heap History (10 events):
Event: 0.580 GC heap before
{Heap before GC invocations=0 (full 0):
 garbage-first heap   total 133120K, used 31756K [0x0000000780000000, 0x0000000800000000)
  region size 1024K, 23 young (23552K), 0 survivors (0K)
 Metaspace       used 7313K, committed 7616K, reserved 1114112K
  class space    used 811K, committed 960K, reserved 1048576K
}
Event: 0.581 GC heap after
{Heap after GC invocations=1 (full 0):
 garbage-first heap   total 133120K, used 11532K [0x0000000780000000, 0x0000000800000000)
  region size 1024K, 3 young (3072K), 3 survivors (3072K)
 Metaspace       used 7313K, committed 7616K, reserved 1114112K
  class space    used 811K, committed 960K, reserved 1048576K
}
Event: 126.485 GC heap before
{Heap before GC invocations=1 (full 0):
 garbage-first heap   total 133120K, used 59660K [0x0000000780000000, 0x0000000800000000)
  region size 1024K, 50 young (51200K), 3 survivors (3072K)
 Metaspace       used 7718K, committed 8000K, reserved 1114112K
  class space    used 835K, committed 960K, reserved 1048576K
}
Event: 126.489 GC heap after
{Heap after GC invocations=2 (full 0):
 garbage-first heap   total 133120K, used 12211K [0x0000000780000000, 0x0000000800000000)
  region size 1024K, 3 young (3072K), 3 survivors (3072K)
 Metaspace       used 7718K, committed 8000K, reserved 1114112K
  class space    used 835K, committed 960K, reserved 1048576K
}
Event: 377.168 GC heap before
{Heap before GC invocations=2 (full 0):
 garbage-first heap   total 133120K, used 86963K [0x0000000780000000, 0x0000000800000000)
  region size 1024K, 76 young (77824K), 3 survivors (3072K)
 Metaspace       used 7721K, committed 8000K, reserved 1114112K
  class space    used 835K, committed 960K, reserved 1048576K
}
Event: 377.175 GC heap after
{Heap after GC invocations=3 (full 0):
 garbage-first heap   total 133120K, used 11041K [0x0000000780000000, 0x0000000800000000)
  region size 1024K, 2 young (2048K), 2 survivors (2048K)
 Metaspace       used 7721K, committed 8000K, reserved 1114112K
  class space    used 835K, committed 960K, reserved 1048576K
}
Event: 636.281 GC heap before
{Heap before GC invocations=3 (full 0):
 garbage-first heap   total 133120K, used 86817K [0x0000000780000000, 0x0000000800000000)
  region size 1024K, 76 young (77824K), 2 survivors (2048K)
 Metaspace       used 7722K, committed 8000K, reserved 1114112K
  class space    used 835K, committed 960K, reserved 1048576K
}
Event: 636.287 GC heap after
{Heap after GC invocations=4 (full 0):
 garbage-first heap   total 133120K, used 11188K [0x0000000780000000, 0x0000000800000000)
  region size 1024K, 2 young (2048K), 2 survivors (2048K)
 Metaspace       used 7722K, committed 8000K, reserved 1114112K
  class space    used 835K, committed 960K, reserved 1048576K
}
Event: 934.246 GC heap before
{Heap before GC invocations=4 (full 0):
 garbage-first heap   total 133120K, used 86964K [0x0000000780000000, 0x0000000800000000)
  region size 1024K, 76 young (77824K), 2 survivors (2048K)
 Metaspace       used 7722K, committed 8000K, reserved 1114112K
  class space    used 835K, committed 960K, reserved 1048576K
}
Event: 934.253 GC heap after
{Heap after GC invocations=5 (full 0):
 garbage-first heap   total 133120K, used 12080K [0x0000000780000000, 0x0000000800000000)
  region size 1024K, 3 young (3072K), 3 survivors (3072K)
 Metaspace       used 7722K, committed 8000K, reserved 1114112K
  class space    used 835K, committed 960K, reserved 1048576K
}

