# JRE version: OpenJDK Runtime Environment (21.0.1+12) (build 21.0.1+12-29)
# Java VM: OpenJDK 64-Bit Server VM (21.0.1+12-29, mixed mode, sharing, tiered, compressed oops, compressed class ptrs, g1 gc, bsd-aarch64)
Heap:
 garbage-first heap   total 133120K, used 14442K [0x0000000780000000, 0x0000000800000000)
  region size 1024K, 6 young (6144K), 3 survivors (3072K)
 Metaspace       used 7954K, committed 8256K, reserved 1114112K
  class space    used 838K, committed 960K, reserved 1048576K
GC Heap History (6 events):
Event: 0.763 GC heap before
{Heap before GC invocations=0 (full 0):
 garbage-first heap   total 133120K, used 32780K [0x0000000780000000, 0x0000000800000000)
  region size 1024K, 23 young (23552K), 0 survivors (0K)
 Metaspace       used 7312K, committed 7616K, reserved 1114112K
  class space    used 814K, committed 960K, reserved 1048576K
}
Event: 0.765 GC heap after
{Heap after GC invocations=1 (full 0):
 garbage-first heap   total 133120K, used 11888K [0x0000000780000000, 0x0000000800000000)
  region size 1024K, 3 young (3072K), 3 survivors (3072K)
 Metaspace       used 7312K, committed 7616K, reserved 1114112K
  class space    used 814K, committed 960K, reserved 1048576K
}
Event: 149.699 GC heap before
{Heap before GC invocations=1 (full 0):
 garbage-first heap   total 133120K, used 58992K [0x0000000780000000, 0x0000000800000000)
  region size 1024K, 49 young (50176K), 3 survivors (3072K)
 Metaspace       used 7950K, committed 8192K, reserved 1114112K
  class space    used 838K, committed 960K, reserved 1048576K
}
Event: 149.704 GC heap after
{Heap after GC invocations=2 (full 0):
 garbage-first heap   total 133120K, used 11219K [0x0000000780000000, 0x0000000800000000)
  region size 1024K, 2 young (2048K), 2 survivors (2048K)
 Metaspace       used 7950K, committed 8192K, reserved 1114112K
  class space    used 838K, committed 960K, reserved 1048576K
}
Event: 447.156 GC heap before
{Heap before GC invocations=2 (full 0):
 garbage-first heap   total 133120K, used 86995K [0x0000000780000000, 0x0000000800000000)
  region size 1024K, 76 young (77824K), 2 survivors (2048K)
 Metaspace       used 7954K, committed 8256K, reserved 1114112K
  class space    used 838K, committed 960K, reserved 1048576K
}
Event: 447.163 GC heap after
{Heap after GC invocations=3 (full 0):
 garbage-first heap   total 133120K, used 11880K [0x0000000780000000, 0x0000000800000000)
  region size 1024K, 3 young (3072K), 3 survivors (3072K)
 Metaspace       used 7954K, committed 8256K, reserved 1114112K
  class space    used 838K, committed 960K, reserved 1048576K
}

